16:36:17 **** Incremental Build of configuration Debug for project Smart_Clock_BLE ****
"C:\\Users\\bahariridwan\\ModusToolbox\\tools_3.2\\modus-shell\\bin\\make" CY_MAKE_IDE=eclipse CY_IDE_TOOLS_DIR=C:/Users/bahariridwan/ModusToolbox/tools_3.2 CY_IDE_BT_TOOLS_DIR= -j8 --output-sync all 
Tools Directory: C:/Users/bahariridwan/ModusToolbox/tools_3.2
Searching installed tools in progress...
Searching installed tools complete


Initializing build: cyberon-voice-trigger-and-command-demo-psoc6-cm4 Debug APP_CY8CPROTO-063-BLE GCC_ARM

Prebuild operations complete

Auto-discovery in progress...
Auto-discovery complete
Commencing build operations...

Tools Directory: C:/Users/bahariridwan/ModusToolbox/tools_3.2

Constructing build rules...
Build rules construction complete

==============================================================================
= Building application =
==============================================================================
Generating compilation database file...
-> ./build/compile_commands.json
Compilation database file generation complete
Building 409 file(s)
Compiling Task_Interface/AirQualityPage/airQualityPage.c -DCOMPONENT_APP_CY8CPROTO_063_BLE -DCOMPONENT_BLESS_IPC -DCOMPONENT_CAT1 -DCOMPONENT_CAT1A -DCOMPONENT_CM0P_BLESS -DCOMPONENT_CM4 -DCOMPONENT_CM4_0 -DCOMPONENT_Debug -DCOMPONENT_FREERTOS -DCOMPONENT_GCC_ARM -DCOMPONENT_MW_ABSTRACTION_RTOS -DCOMPONENT_MW_BTSTACK -DCOMPONENT_MW_BTSTACK_INTEGRATION -DCOMPONENT_MW_CAT1CM0P -DCOMPONENT_MW_CLIB_SUPPORT -DCOMPONENT_MW_CMSIS -DCOMPONENT_MW_CORE_LIB -DCOMPONENT_MW_CORE_MAKE -DCOMPONENT_MW_CYBERON_DSPOTTER_LIB_PSOC6_CM4 -DCOMPONENT_MW_DISPLAY_OLED_SSD1306 -DCOMPONENT_MW_FREERTOS -DCOMPONENT_MW_MTB_HAL_CAT1 -DCOMPONENT_MW_MTB_PDL_CAT1 -DCOMPONENT_MW_RECIPE_MAKE_CAT1A -DCOMPONENT_MW_RETARGET_IO -DCOMPONENT_MW_SENSOR_XENSIV_DPS3XX -DCOMPONENT_PSOC6_01 -DCOMPONENT_SOFTFP -DCOMPONENT_U8G2 -DCOMPONENT_WICED_BLE -DCORE_NAME_CM4_0=1 -DCYBLE_416045_02_device -DCY_APPNAME_cyberon_voice_trigger_and_command_demo_psoc6_cm4 -DCY_SUPPORTS_DEVICE_VALIDATION -DCY_TARGET_BOARD=APP_CY8CPROTO_063_BLE -DCY_USING_HAL -DDEBUG -DTARGET_APP_CY8CPROTO_063_BLE -DUNUSE_I2S -DUSE_DUMMY_DATA -DUSE_SMART_CLOCK_DEVELOPMENT_BOARD  -I. -IAPP_BT_Utils -Ibsps/TARGET_APP_CY8CPROTO-063-BLE -Ibsps -Ibsps/TARGET_APP_CY8CPROTO-063-BLE/bluetooth -Ibsps/TARGET_APP_CY8CPROTO-063-BLE/config/GeneratedSource -Ibsps/TARGET_APP_CY8CPROTO-063-BLE/config -Ibutton -IGeneratedSource -Iinclude -IMain_BLE -Imenu -IPower_Mode -IRTC -ITask_ble -ITask_Button -ITask_Interface -ITask_Interface/AirQualityPage -ITask_Interface/EnvironmentPage -ITask_Interface/MainPage -ITask_Interface/MenuPage -ITask_Interface/SettingAlarm -ITask_Interface/StopWatchPage -ITask_Interface/TimeDatePage -ITask_Sensor -ITask_Sensor/BMP_LIB -Iu8g2 -Ivoice_cmd -I../mtb_shared/btstack-integration/release-v5.0.1/COMPONENT_BLESS-IPC/platform/include -I../mtb_shared/btstack-integration/release-v5.0.1/COMPONENT_BLESS-IPC/platform -I../mtb_shared/btstack-integration/release-v5.0.1/COMPONENT_BLESS-IPC -I../mtb_shared/btstack-integration/release-v5.0.1 -I../mtb_shared/btstack-integration/release-v5.0.1/COMPONENT_BLESS-IPC/platform/ipc -I../mtb_shared/btstack-integration/release-v5.0.1/COMPONENT_BLESS-IPC/platform/ipc/include -I../mtb_shared/btstack/release-v3.9.2/wiced_include -I../mtb_shared/btstack/release-v3.9.2 -I../mtb_shared/cat1cm0p/release-v1.5.0/COMPONENT_CAT1A -I../mtb_shared/cat1cm0p/release-v1.5.0 -I../mtb_shared/clib-support/release-v1.5.0 -I../mtb_shared/clib-support/release-v1.5.0/TOOLCHAIN_GCC_ARM -I../mtb_shared/core-lib/release-v1.4.2/include -I../mtb_shared/core-lib/release-v1.4.2 -I../mtb_shared/cyberon-dspotter-lib-psoc6-cm4/release-v2.0/include -I../mtb_shared/cyberon-dspotter-lib-psoc6-cm4/release-v2.0 -I../mtb_shared/display-oled-ssd1306/release-v1.0.2 -I../mtb_shared/display-oled-ssd1306/release-v1.0.2/configs/emwin -I../mtb_shared/display-oled-ssd1306/release-v1.0.2/configs -I../mtb_shared/display-oled-ssd1306/release-v1.0.2/configs/u8g2 -I../mtb_shared/freertos/release-v10.5.002/Source/include -I../mtb_shared/freertos/release-v10.5.002/Source -I../mtb_shared/freertos/release-v10.5.002 -I../mtb_shared/freertos/release-v10.5.002/Source/portable/COMPONENT_CM4 -I../mtb_shared/freertos/release-v10.5.002/Source/portable -I../mtb_shared/freertos/release-v10.5.002/Source/portable/COMPONENT_CM4/TOOLCHAIN_GCC_ARM -I../mtb_shared/mtb-hal-cat1/release-v2.6.1/COMPONENT_CAT1A/include/pin_packages -I../mtb_shared/mtb-hal-cat1/release-v2.6.1/COMPONENT_CAT1A/include -I../mtb_shared/mtb-hal-cat1/release-v2.6.1/COMPONENT_CAT1A -I../mtb_shared/mtb-hal-cat1/release-v2.6.1 -I../mtb_shared/mtb-hal-cat1/release-v2.6.1/COMPONENT_CAT1A/include/triggers -I../mtb_shared/mtb-hal-cat1/release-v2.6.1/include -I../mtb_shared/mtb-hal-cat1/release-v2.6.1/include_pvt -I../mtb_shared/mtb-hal-cat1/release-v2.6.1/source -I../mtb_shared/mtb-pdl-cat1/release-v3.11.0/devices/COMPONENT_CAT1A/include -I../mtb_shared/mtb-pdl-cat1/release-v3.11.0/devices/COMPONENT_CAT1A -I../mtb_shared/mtb-pdl-cat1/release-v3.11.0/devices -I../mtb_shared/mtb-pdl-cat1/release-v3.11.0 -I../mtb_shared/mtb-pdl-cat1/release-v3.11.0/devices/COMPONENT_CAT1A/include/ip -I../mtb_shared/mtb-pdl-cat1/release-v3.11.0/drivers/include -I../mtb_shared/mtb-pdl-cat1/release-v3.11.0/drivers -I../mtb_shared/mtb-pdl-cat1/release-v3.11.0/drivers/third_party/ethernet/include -I../mtb_shared/mtb-pdl-cat1/release-v3.11.0/drivers/third_party/ethernet -I../mtb_shared/mtb-pdl-cat1/release-v3.11.0/drivers/third_party -I../mtb_shared/retarget-io/release-v1.5.0 -I../mtb_shared/sensor-xensiv-dps3xx/release-v1.0.0 -I../mtb_shared/abstraction-rtos/release-v1.8.2/include -I../mtb_shared/abstraction-rtos/release-v1.8.2 -I../mtb_shared/abstraction-rtos/release-v1.8.2/include/COMPONENT_FREERTOS -I../mtb_shared/cmsis/release-v5.8.0/Core/Include -I../mtb_shared/cmsis/release-v5.8.0/Core -I../mtb_shared/cmsis/release-v5.8.0 
In file included from ../mtb_shared/freertos/release-v10.5.002/Source/include/FreeRTOS.h:59,
                 from Task_Interface/interface.h:10,
                 from Task_Interface/task_interface.h:4,
                 from Task_Interface/AirQualityPage/airQualityPage.h:5,
                 from Task_Interface/AirQualityPage/airQualityPage.c:1:
../mtb_shared/freertos/release-v10.5.002/Source/portable/COMPONENT_CM4/FreeRTOSConfig.h:56:2: warning: #warning This is a template. Copy this file to your project and remove this line. Refer to FreeRTOS README.md for usage details. [-Wcpp]
   56 | #warning This is a template. Copy this file to your project and remove this line. Refer to FreeRTOS README.md for usage details.
      |  ^~~~~~~
In file included from Task_Button/task_button.h:6,
                 from Task_Interface/AirQualityPage/airQualityPage.h:4,
                 from Task_Interface/AirQualityPage/airQualityPage.c:1:
button/button.h:48:18: warning: 'button_create' declared 'static' but never defined [-Wunused-function]
   48 | static uint32_t  button_create(button_var* var, cyhal_gpio_t pin_t, uint8_t state, unsigned long duration_);
      |                  ^~~~~~~~~~~~~
button/button.h:49:13: warning: 'button_SetHoldTime' declared 'static' but never defined [-Wunused-function]
   49 | static void button_SetHoldTime(button_var* var, unsigned long time_);
      |             ^~~~~~~~~~~~~~~~~~
button/button.h:50:13: warning: 'button_SetDebounceTime' declared 'static' but never defined [-Wunused-function]
   50 | static void button_SetDebounceTime(button_var* var, unsigned long time_);
      |             ^~~~~~~~~~~~~~~~~~~~~~
button/button.h:52:13: warning: 'button_Pressed' declared 'static' but never defined [-Wunused-function]
   52 | static void button_Pressed(button_var* var, void (*P)() );
      |             ^~~~~~~~~~~~~~
button/button.h:53:13: warning: 'button_DoublePressed' declared 'static' but never defined [-Wunused-function]
   53 | static void button_DoublePressed(button_var* var, void (*DP)() );
      |             ^~~~~~~~~~~~~~~~~~~~
button/button.h:55:13: warning: 'button_Held' declared 'static' but never defined [-Wunused-function]
   55 | static void button_Held(button_var* var, void (*HOLD)() );
      |             ^~~~~~~~~~~
button/button.h:56:13: warning: 'button_Released' declared 'static' but never defined [-Wunused-function]
   56 | static void button_Released(button_var* var, void(*RELEASED_f)());
      |             ^~~~~~~~~~~~~~~
button/button.h:58:13: warning: 'delete_Button_held' declared 'static' but never defined [-Wunused-function]
   58 | static void delete_Button_held(button_var* var);
      |             ^~~~~~~~~~~~~~~~~~
button/button.h:59:13: warning: 'delete_Button_pressed' declared 'static' but never defined [-Wunused-function]
   59 | static void delete_Button_pressed(button_var* var);
      |             ^~~~~~~~~~~~~~~~~~~~~
button/button.h:60:13: warning: 'delete_Button_released' declared 'static' but never defined [-Wunused-function]
   60 | static void delete_Button_released(button_var* var);
      |             ^~~~~~~~~~~~~~~~~~~~~~
button/button.h:61:13: warning: 'delete_Button_doublePressed' declared 'static' but never defined [-Wunused-function]
   61 | static void delete_Button_doublePressed(button_var* var);
      |             ^~~~~~~~~~~~~~~~~~~~~~~~~~~
button/button.h:62:13: warning: 'button_clearAllISR' declared 'static' but never defined [-Wunused-function]
   62 | static void button_clearAllISR(button_var* var);
      |             ^~~~~~~~~~~~~~~~~~
button/button.h:64:16: warning: 'button_check' declared 'static' but never defined [-Wunused-function]
   64 | static uint8_t button_check(button_var* var);
      |                ^~~~~~~~~~~~
button/button.h:65:14: warning: 'button_GetHeldTime' declared 'static' but never defined [-Wunused-function]
   65 | static float button_GetHeldTime(button_var* var, float divisor);
      |              ^~~~~~~~~~~~~~~~~~
button/button.h:66:13: warning: 'button_setTick' declared 'static' but never defined [-Wunused-function]
   66 | static void button_setTick(uint32_t (*tick)());
      |             ^~~~~~~~~~~~~~
In file included from ./main.h:32,
                 from Task_Sensor/setup_i2c.h:6,
                 from Task_Interface/interface.h:20,
                 from Task_Interface/task_interface.h:4,
                 from Task_Interface/AirQualityPage/airQualityPage.h:5,
                 from Task_Interface/AirQualityPage/airQualityPage.c:1:
./Power_Mode/power_mode.h:21:13: warning: 'clk_power_callback' declared 'static' but never defined [-Wunused-function]
   21 | static bool clk_power_callback(cyhal_syspm_callback_state_t state, cyhal_syspm_callback_mode_t mode, void *arg);
      |             ^~~~~~~~~~~~~~~~~~
./Power_Mode/power_mode.h:22:13: warning: 'display_power_callback' declared 'static' but never defined [-Wunused-function]
   22 | static bool display_power_callback(cyhal_syspm_callback_state_t state, cyhal_syspm_callback_mode_t mode, void *arg);
      |             ^~~~~~~~~~~~~~~~~~~~~~
In file included from Task_Interface/AirQualityPage/airQualityPage.c:7:
Task_Interface/MainPage/main_page.h:7:13: warning: 'init_main_page' declared 'static' but never defined [-Wunused-function]
    7 | static void init_main_page();
      |             ^~~~~~~~~~~~~~
Task_Interface/MainPage/main_page.h:8:13: warning: 'deinit_main_page' declared 'static' but never defined [-Wunused-function]
    8 | static void deinit_main_page();
      |             ^~~~~~~~~~~~~~~~
Task_Interface/MainPage/main_page.h:9:13: warning: 'default_mode_draw' declared 'static' but never defined [-Wunused-function]
    9 | static void default_mode_draw();
      |             ^~~~~~~~~~~~~~~~~
Task_Interface/MainPage/main_page.h:10:13: warning: 'bluetooth_mode_draw' declared 'static' but never defined [-Wunused-function]
   10 | static void bluetooth_mode_draw();
      |             ^~~~~~~~~~~~~~~~~~~
Compiling Task_Interface/SettingAlarm/setting_alarm.c -DCOMPONENT_APP_CY8CPROTO_063_BLE -DCOMPONENT_BLESS_IPC -DCOMPONENT_CAT1 -DCOMPONENT_CAT1A -DCOMPONENT_CM0P_BLESS -DCOMPONENT_CM4 -DCOMPONENT_CM4_0 -DCOMPONENT_Debug -DCOMPONENT_FREERTOS -DCOMPONENT_GCC_ARM -DCOMPONENT_MW_ABSTRACTION_RTOS -DCOMPONENT_MW_BTSTACK -DCOMPONENT_MW_BTSTACK_INTEGRATION -DCOMPONENT_MW_CAT1CM0P -DCOMPONENT_MW_CLIB_SUPPORT -DCOMPONENT_MW_CMSIS -DCOMPONENT_MW_CORE_LIB -DCOMPONENT_MW_CORE_MAKE -DCOMPONENT_MW_CYBERON_DSPOTTER_LIB_PSOC6_CM4 -DCOMPONENT_MW_DISPLAY_OLED_SSD1306 -DCOMPONENT_MW_FREERTOS -DCOMPONENT_MW_MTB_HAL_CAT1 -DCOMPONENT_MW_MTB_PDL_CAT1 -DCOMPONENT_MW_RECIPE_MAKE_CAT1A -DCOMPONENT_MW_RETARGET_IO -DCOMPONENT_MW_SENSOR_XENSIV_DPS3XX -DCOMPONENT_PSOC6_01 -DCOMPONENT_SOFTFP -DCOMPONENT_U8G2 -DCOMPONENT_WICED_BLE -DCORE_NAME_CM4_0=1 -DCYBLE_416045_02_device -DCY_APPNAME_cyberon_voice_trigger_and_command_demo_psoc6_cm4 -DCY_SUPPORTS_DEVICE_VALIDATION -DCY_TARGET_BOARD=APP_CY8CPROTO_063_BLE -DCY_USING_HAL -DDEBUG -DTARGET_APP_CY8CPROTO_063_BLE -DUNUSE_I2S -DUSE_DUMMY_DATA -DUSE_SMART_CLOCK_DEVELOPMENT_BOARD  -I. -IAPP_BT_Utils -Ibsps/TARGET_APP_CY8CPROTO-063-BLE -Ibsps -Ibsps/TARGET_APP_CY8CPROTO-063-BLE/bluetooth -Ibsps/TARGET_APP_CY8CPROTO-063-BLE/config/GeneratedSource -Ibsps/TARGET_APP_CY8CPROTO-063-BLE/config -Ibutton -IGeneratedSource -Iinclude -IMain_BLE -Imenu -IPower_Mode -IRTC -ITask_ble -ITask_Button -ITask_Interface -ITask_Interface/AirQualityPage -ITask_Interface/EnvironmentPage -ITask_Interface/MainPage -ITask_Interface/MenuPage -ITask_Interface/SettingAlarm -ITask_Interface/StopWatchPage -ITask_Interface/TimeDatePage -ITask_Sensor -ITask_Sensor/BMP_LIB -Iu8g2 -Ivoice_cmd -I../mtb_shared/btstack-integration/release-v5.0.1/COMPONENT_BLESS-IPC/platform/include -I../mtb_shared/btstack-integration/release-v5.0.1/COMPONENT_BLESS-IPC/platform -I../mtb_shared/btstack-integration/release-v5.0.1/COMPONENT_BLESS-IPC -I../mtb_shared/btstack-integration/release-v5.0.1 -I../mtb_shared/btstack-integration/release-v5.0.1/COMPONENT_BLESS-IPC/platform/ipc -I../mtb_shared/btstack-integration/release-v5.0.1/COMPONENT_BLESS-IPC/platform/ipc/include -I../mtb_shared/btstack/release-v3.9.2/wiced_include -I../mtb_shared/btstack/release-v3.9.2 -I../mtb_shared/cat1cm0p/release-v1.5.0/COMPONENT_CAT1A -I../mtb_shared/cat1cm0p/release-v1.5.0 -I../mtb_shared/clib-support/release-v1.5.0 -I../mtb_shared/clib-support/release-v1.5.0/TOOLCHAIN_GCC_ARM -I../mtb_shared/core-lib/release-v1.4.2/include -I../mtb_shared/core-lib/release-v1.4.2 -I../mtb_shared/cyberon-dspotter-lib-psoc6-cm4/release-v2.0/include -I../mtb_shared/cyberon-dspotter-lib-psoc6-cm4/release-v2.0 -I../mtb_shared/display-oled-ssd1306/release-v1.0.2 -I../mtb_shared/display-oled-ssd1306/release-v1.0.2/configs/emwin -I../mtb_shared/display-oled-ssd1306/release-v1.0.2/configs -I../mtb_shared/display-oled-ssd1306/release-v1.0.2/configs/u8g2 -I../mtb_shared/freertos/release-v10.5.002/Source/include -I../mtb_shared/freertos/release-v10.5.002/Source -I../mtb_shared/freertos/release-v10.5.002 -I../mtb_shared/freertos/release-v10.5.002/Source/portable/COMPONENT_CM4 -I../mtb_shared/freertos/release-v10.5.002/Source/portable -I../mtb_shared/freertos/release-v10.5.002/Source/portable/COMPONENT_CM4/TOOLCHAIN_GCC_ARM -I../mtb_shared/mtb-hal-cat1/release-v2.6.1/COMPONENT_CAT1A/include/pin_packages -I../mtb_shared/mtb-hal-cat1/release-v2.6.1/COMPONENT_CAT1A/include -I../mtb_shared/mtb-hal-cat1/release-v2.6.1/COMPONENT_CAT1A -I../mtb_shared/mtb-hal-cat1/release-v2.6.1 -I../mtb_shared/mtb-hal-cat1/release-v2.6.1/COMPONENT_CAT1A/include/triggers -I../mtb_shared/mtb-hal-cat1/release-v2.6.1/include -I../mtb_shared/mtb-hal-cat1/release-v2.6.1/include_pvt -I../mtb_shared/mtb-hal-cat1/release-v2.6.1/source -I../mtb_shared/mtb-pdl-cat1/release-v3.11.0/devices/COMPONENT_CAT1A/include -I../mtb_shared/mtb-pdl-cat1/release-v3.11.0/devices/COMPONENT_CAT1A -I../mtb_shared/mtb-pdl-cat1/release-v3.11.0/devices -I../mtb_shared/mtb-pdl-cat1/release-v3.11.0 -I../mtb_shared/mtb-pdl-cat1/release-v3.11.0/devices/COMPONENT_CAT1A/include/ip -I../mtb_shared/mtb-pdl-cat1/release-v3.11.0/drivers/include -I../mtb_shared/mtb-pdl-cat1/release-v3.11.0/drivers -I../mtb_shared/mtb-pdl-cat1/release-v3.11.0/drivers/third_party/ethernet/include -I../mtb_shared/mtb-pdl-cat1/release-v3.11.0/drivers/third_party/ethernet -I../mtb_shared/mtb-pdl-cat1/release-v3.11.0/drivers/third_party -I../mtb_shared/retarget-io/release-v1.5.0 -I../mtb_shared/sensor-xensiv-dps3xx/release-v1.0.0 -I../mtb_shared/abstraction-rtos/release-v1.8.2/include -I../mtb_shared/abstraction-rtos/release-v1.8.2 -I../mtb_shared/abstraction-rtos/release-v1.8.2/include/COMPONENT_FREERTOS -I../mtb_shared/cmsis/release-v5.8.0/Core/Include -I../mtb_shared/cmsis/release-v5.8.0/Core -I../mtb_shared/cmsis/release-v5.8.0 
In file included from ../mtb_shared/freertos/release-v10.5.002/Source/include/FreeRTOS.h:59,
                 from Task_Interface/interface.h:10,
                 from Task_Interface/task_interface.h:4,
                 from Task_Interface/SettingAlarm/setting_alarm.h:7,
                 from Task_Interface/SettingAlarm/setting_alarm.c:1:
../mtb_shared/freertos/release-v10.5.002/Source/portable/COMPONENT_CM4/FreeRTOSConfig.h:56:2: warning: #warning This is a template. Copy this file to your project and remove this line. Refer to FreeRTOS README.md for usage details. [-Wcpp]
   56 | #warning This is a template. Copy this file to your project and remove this line. Refer to FreeRTOS README.md for usage details.
      |  ^~~~~~~
Task_Interface/SettingAlarm/setting_alarm.c: In function 'alarm_draw':
Task_Interface/SettingAlarm/setting_alarm.c:99:14: warning: unused variable 'buff_yy' [-Wunused-variable]
   99 |         char buff_yy[10];
      |              ^~~~~~~
Task_Interface/SettingAlarm/setting_alarm.c:98:14: warning: unused variable 'buff_mm' [-Wunused-variable]
   98 |         char buff_mm[10];
      |              ^~~~~~~
Task_Interface/SettingAlarm/setting_alarm.c:97:14: warning: unused variable 'buff_dd' [-Wunused-variable]
   97 |         char buff_dd[10];
      |              ^~~~~~~
Task_Interface/SettingAlarm/setting_alarm.c:96:14: warning: unused variable 'buff_SS' [-Wunused-variable]
   96 |         char buff_SS[10];
      |              ^~~~~~~
Task_Interface/SettingAlarm/setting_alarm.c: In function 'alarm_disp':
Task_Interface/SettingAlarm/setting_alarm.c:178:25: warning: implicit declaration of function 'menu_disp_oled' [-Wimplicit-function-declaration]
  178 |                         menu_disp_oled();
      |                         ^~~~~~~~~~~~~~
In file included from Task_Button/task_button.h:6,
                 from Task_Interface/SettingAlarm/setting_alarm.h:6,
                 from Task_Interface/SettingAlarm/setting_alarm.c:1:
Task_Interface/SettingAlarm/setting_alarm.c: At top level:
button/button.h:48:18: warning: 'button_create' declared 'static' but never defined [-Wunused-function]
   48 | static uint32_t  button_create(button_var* var, cyhal_gpio_t pin_t, uint8_t state, unsigned long duration_);
      |                  ^~~~~~~~~~~~~
button/button.h:49:13: warning: 'button_SetHoldTime' declared 'static' but never defined [-Wunused-function]
   49 | static void button_SetHoldTime(button_var* var, unsigned long time_);
      |             ^~~~~~~~~~~~~~~~~~
button/button.h:50:13: warning: 'button_SetDebounceTime' declared 'static' but never defined [-Wunused-function]
   50 | static void button_SetDebounceTime(button_var* var, unsigned long time_);
      |             ^~~~~~~~~~~~~~~~~~~~~~
button/button.h:52:13: warning: 'button_Pressed' declared 'static' but never defined [-Wunused-function]
   52 | static void button_Pressed(button_var* var, void (*P)() );
      |             ^~~~~~~~~~~~~~
button/button.h:53:13: warning: 'button_DoublePressed' declared 'static' but never defined [-Wunused-function]
   53 | static void button_DoublePressed(button_var* var, void (*DP)() );
      |             ^~~~~~~~~~~~~~~~~~~~
button/button.h:55:13: warning: 'button_Held' declared 'static' but never defined [-Wunused-function]
   55 | static void button_Held(button_var* var, void (*HOLD)() );
      |             ^~~~~~~~~~~
button/button.h:56:13: warning: 'button_Released' declared 'static' but never defined [-Wunused-function]
   56 | static void button_Released(button_var* var, void(*RELEASED_f)());
      |             ^~~~~~~~~~~~~~~
button/button.h:58:13: warning: 'delete_Button_held' declared 'static' but never defined [-Wunused-function]
   58 | static void delete_Button_held(button_var* var);
      |             ^~~~~~~~~~~~~~~~~~
button/button.h:59:13: warning: 'delete_Button_pressed' declared 'static' but never defined [-Wunused-function]
   59 | static void delete_Button_pressed(button_var* var);
      |             ^~~~~~~~~~~~~~~~~~~~~
button/button.h:60:13: warning: 'delete_Button_released' declared 'static' but never defined [-Wunused-function]
   60 | static void delete_Button_released(button_var* var);
      |             ^~~~~~~~~~~~~~~~~~~~~~
button/button.h:61:13: warning: 'delete_Button_doublePressed' declared 'static' but never defined [-Wunused-function]
   61 | static void delete_Button_doublePressed(button_var* var);
      |             ^~~~~~~~~~~~~~~~~~~~~~~~~~~
button/button.h:62:13: warning: 'button_clearAllISR' declared 'static' but never defined [-Wunused-function]
   62 | static void button_clearAllISR(button_var* var);
      |             ^~~~~~~~~~~~~~~~~~
button/button.h:64:16: warning: 'button_check' declared 'static' but never defined [-Wunused-function]
   64 | static uint8_t button_check(button_var* var);
      |                ^~~~~~~~~~~~
button/button.h:65:14: warning: 'button_GetHeldTime' declared 'static' but never defined [-Wunused-function]
   65 | static float button_GetHeldTime(button_var* var, float divisor);
      |              ^~~~~~~~~~~~~~~~~~
button/button.h:66:13: warning: 'button_setTick' declared 'static' but never defined [-Wunused-function]
   66 | static void button_setTick(uint32_t (*tick)());
      |             ^~~~~~~~~~~~~~
In file included from ./main.h:32,
                 from Task_Sensor/setup_i2c.h:6,
                 from Task_Interface/interface.h:20,
                 from Task_Interface/task_interface.h:4,
                 from Task_Interface/SettingAlarm/setting_alarm.h:7,
                 from Task_Interface/SettingAlarm/setting_alarm.c:1:
./Power_Mode/power_mode.h:21:13: warning: 'clk_power_callback' declared 'static' but never defined [-Wunused-function]
   21 | static bool clk_power_callback(cyhal_syspm_callback_state_t state, cyhal_syspm_callback_mode_t mode, void *arg);
      |             ^~~~~~~~~~~~~~~~~~
./Power_Mode/power_mode.h:22:13: warning: 'display_power_callback' declared 'static' but never defined [-Wunused-function]
   22 | static bool display_power_callback(cyhal_syspm_callback_state_t state, cyhal_syspm_callback_mode_t mode, void *arg);
      |             ^~~~~~~~~~~~~~~~~~~~~~
In file included from Task_Interface/SettingAlarm/setting_alarm.c:3:
Task_Interface/MainPage/main_page.h:7:13: warning: 'init_main_page' declared 'static' but never defined [-Wunused-function]
    7 | static void init_main_page();
      |             ^~~~~~~~~~~~~~
Task_Interface/MainPage/main_page.h:8:13: warning: 'deinit_main_page' declared 'static' but never defined [-Wunused-function]
    8 | static void deinit_main_page();
      |             ^~~~~~~~~~~~~~~~
Task_Interface/MainPage/main_page.h:9:13: warning: 'default_mode_draw' declared 'static' but never defined [-Wunused-function]
    9 | static void default_mode_draw();
      |             ^~~~~~~~~~~~~~~~~
Task_Interface/MainPage/main_page.h:10:13: warning: 'bluetooth_mode_draw' declared 'static' but never defined [-Wunused-function]
   10 | static void bluetooth_mode_draw();
      |             ^~~~~~~~~~~~~~~~~~~
    Linking output file cyberon-voice-trigger-and-command-demo-psoc6-cm4.elf
C:/Users/bahariridwan/ModusToolbox/tools_3.2/gcc/bin/arm-none-eabi-objcopy -O ihex C:/Users/bahariridwan/ProjectSmartClock/Code_smartClock/Smart_Clock_BLE/build/APP_CY8CPROTO-063-BLE/Debug/cyberon-voice-trigger-and-command-demo-psoc6-cm4.elf C:/Users/bahariridwan/ProjectSmartClock/Code_smartClock/Smart_Clock_BLE/build/APP_CY8CPROTO-063-BLE/Debug/cyberon-voice-trigger-and-command-demo-psoc6-cm4.hex
==============================================================================
= Build complete =
==============================================================================

Calculating memory consumption: CYBLE-416045-02-device GCC_ARM

   ---------------------------------------------------- 
  | Section Name         |  Address      |  Size       | 
   ---------------------------------------------------- 
  | .cy_m0p_image        |  0x10000000   |  111188     | 
  | .text                |  0x10020000   |  233496     | 
  | command_data         |  0x10059018   |  163408     | 
  | license_data         |  0x10080e68   |  188        | 
  | .ARM.exidx           |  0x10080f24   |  8          | 
  | .copy.table          |  0x10080f2c   |  24         | 
  | .zero.table          |  0x10080f44   |  8          | 
  | .data                |  0x0800328c   |  3260       | 
  | .cy_sharedmem        |  0x08003f48   |  12         | 
  | .noinit              |  0x08003f58   |  236        | 
  | .bss                 |  0x08004048   |  14208      | 
  | .heap                |  0x080077c8   |  258104     | 
   ---------------------------------------------------- 

  Total Internal Flash (Available)          1048576    
  Total Internal Flash (Utilized)           531484     



16:36:25 Build Finished. 0 errors, 49 warnings. (took 8s.390ms)

